{"/Users/siobhangi/IdeaProjects/acebook-millieandco/src/main/js/app.js": {"path":"/Users/siobhangi/IdeaProjects/acebook-millieandco/src/main/js/app.js","statementMap":{"0":{"start":{"line":1,"column":0},"end":{"line":null,"column":-1}},"1":{"start":{"line":2,"column":0},"end":{"line":null,"column":-1}},"2":{"start":{"line":4,"column":0},"end":{"line":null,"column":-1}},"3":{"start":{"line":5,"column":0},"end":{"line":null,"column":-1}},"4":{"start":{"line":6,"column":0},"end":{"line":null,"column":-1}},"5":{"start":{"line":8,"column":0},"end":{"line":null,"column":-1}}},"fnMap":{},"branchMap":{},"s":{"0":0,"1":0,"2":0,"3":0,"4":0,"5":0},"f":{},"b":{}}
,"/Users/siobhangi/IdeaProjects/acebook-millieandco/src/main/js/client.js": {"path":"/Users/siobhangi/IdeaProjects/acebook-millieandco/src/main/js/client.js","statementMap":{"0":{"start":{"line":3,"column":11},"end":{"line":3,"column":0}},"1":{"start":{"line":4,"column":21},"end":{"line":4,"column":0}},"2":{"start":{"line":5,"column":11},"end":{"line":5,"column":0}},"3":{"start":{"line":7,"column":16},"end":{"line":7,"column":0}},"4":{"start":{"line":8,"column":19},"end":{"line":8,"column":0}},"5":{"start":{"line":10,"column":15},"end":{"line":10,"column":0}},"6":{"start":{"line":13,"column":0},"end":{"line":null,"column":-1}},"7":{"start":{"line":15,"column":0},"end":{"line":null,"column":-1}}},"fnMap":{},"branchMap":{},"s":{"0":0,"1":0,"2":0,"3":0,"4":0,"5":0,"6":0,"7":0},"f":{},"b":{}}
,"/Users/siobhangi/IdeaProjects/acebook-millieandco/src/main/js/header.js": {"path":"/Users/siobhangi/IdeaProjects/acebook-millieandco/src/main/js/header.js","statementMap":{"0":{"start":{"line":1,"column":0},"end":{"line":null,"column":-1}},"1":{"start":{"line":5,"column":4},"end":{"line":null,"column":-1}}},"fnMap":{},"branchMap":{},"s":{"0":0,"1":0},"f":{},"b":{}}
,"/Users/siobhangi/IdeaProjects/acebook-millieandco/src/main/js/home.js": {"path":"/Users/siobhangi/IdeaProjects/acebook-millieandco/src/main/js/home.js","statementMap":{"0":{"start":{"line":4,"column":0},"end":{"line":null,"column":-1}},"1":{"start":{"line":5,"column":0},"end":{"line":null,"column":-1}},"2":{"start":{"line":6,"column":0},"end":{"line":null,"column":-1}},"3":{"start":{"line":1,"column":14},"end":{"line":1,"column":0}},"4":{"start":{"line":2,"column":15},"end":{"line":2,"column":0}},"5":{"start":{"line":10,"column":20},"end":{"line":null,"column":-1}},"6":{"start":{"line":12,"column":2},"end":{"line":null,"column":-1}},"7":{"start":{"line":13,"column":2},"end":{"line":null,"column":-1}},"8":{"start":{"line":18,"column":7},"end":{"line":null,"column":-1}},"9":{"start":{"line":21,"column":26},"end":{"line":null,"column":-1}},"10":{"start":{"line":22,"column":8},"end":{"line":null,"column":-1}},"11":{"start":{"line":23,"column":13},"end":{"line":null,"column":-1}},"12":{"start":{"line":27,"column":18},"end":{"line":null,"column":-1}},"13":{"start":{"line":28,"column":2},"end":{"line":null,"column":-1}},"14":{"start":{"line":35,"column":3},"end":{"line":null,"column":-1}},"15":{"start":{"line":41,"column":8},"end":{"line":null,"column":-1}}},"fnMap":{"0":{"name":"Home","decl":{"start":{"line":10,"column":1},"end":{"line":10,"column":12}},"loc":{"start":{"line":10,"column":20},"end":{"line":14,"column":2}}},"1":{"name":"(anonymous_13)","decl":{"start":{"line":22,"column":57},"end":{"line":22,"column":68}},"loc":{"start":{"line":22,"column":69},"end":{"line":22,"column":8}}},"2":{"name":"(anonymous_15)","decl":{"start":{"line":34,"column":8},"end":{"line":34,"column":8}},"loc":{"start":{"line":34,"column":17},"end":{"line":28,"column":2}}}},"branchMap":{"0":{"loc":{"start":{"line":10,"column":20},"end":{"line":11,"column":7}},"type":"binary-expr","locations":[{"start":{"line":10,"column":20},"end":{"line":11,"column":7}},{"start":{"line":10,"column":20},"end":{"line":11,"column":7}}]}},"s":{"0":0,"1":0,"2":0,"3":0,"4":0,"5":0,"6":0,"7":0,"8":0,"9":0,"10":0,"11":0,"12":0,"13":0,"14":0,"15":0},"f":{"0":0,"1":0,"2":0},"b":{"0":[0,0]}}
,"/Users/siobhangi/IdeaProjects/acebook-millieandco/src/main/js/signup.js": {"path":"/Users/siobhangi/IdeaProjects/acebook-millieandco/src/main/js/signup.js","statementMap":{"0":{"start":{"line":1,"column":0},"end":{"line":null,"column":-1}},"1":{"start":{"line":2,"column":0},"end":{"line":null,"column":-1}},"2":{"start":{"line":3,"column":0},"end":{"line":null,"column":-1}},"3":{"start":{"line":6,"column":20},"end":{"line":null,"column":-1}},"4":{"start":{"line":8,"column":2},"end":{"line":null,"column":-1}},"5":{"start":{"line":9,"column":2},"end":{"line":null,"column":-1}},"6":{"start":{"line":10,"column":2},"end":{"line":null,"column":-1}},"7":{"start":{"line":14,"column":2},"end":{"line":null,"column":-1}},"8":{"start":{"line":23,"column":15},"end":{"line":23,"column":2}},"9":{"start":{"line":24,"column":16},"end":{"line":24,"column":2}},"10":{"start":{"line":26,"column":2},"end":{"line":null,"column":-1}},"11":{"start":{"line":32,"column":2},"end":{"line":null,"column":-1}},"12":{"start":{"line":33,"column":16},"end":{"line":33,"column":2}},"13":{"start":{"line":34,"column":2},"end":{"line":null,"column":-1}},"14":{"start":{"line":35,"column":2},"end":{"line":null,"column":-1}},"15":{"start":{"line":36,"column":2},"end":{"line":null,"column":-1}},"16":{"start":{"line":37,"column":2},"end":{"line":null,"column":-1}},"17":{"start":{"line":39,"column":2},"end":{"line":null,"column":-1}},"18":{"start":{"line":40,"column":2},"end":{"line":null,"column":-1}},"19":{"start":{"line":46,"column":2},"end":{"line":null,"column":-1}}},"fnMap":{"0":{"name":"Signup","decl":{"start":{"line":6,"column":1},"end":{"line":6,"column":12}},"loc":{"start":{"line":6,"column":20},"end":{"line":11,"column":2}}}},"branchMap":{"0":{"loc":{"start":{"line":6,"column":20},"end":{"line":7,"column":7}},"type":"binary-expr","locations":[{"start":{"line":6,"column":20},"end":{"line":7,"column":7}},{"start":{"line":6,"column":20},"end":{"line":7,"column":7}}]},"1":{"loc":{"start":{"line":60,"column":6},"end":{"line":60,"column":5}},"type":"binary-expr","locations":[{"start":{"line":60,"column":6},"end":{"line":60,"column":5}},{"start":{"line":60,"column":38},"end":{"line":null,"column":-1}}]}},"s":{"0":0,"1":0,"2":0,"3":0,"4":0,"5":0,"6":0,"7":0,"8":0,"9":0,"10":0,"11":0,"12":0,"13":0,"14":0,"15":0,"16":0,"17":0,"18":0,"19":0},"f":{"0":0},"b":{"0":[0,0],"1":[0,0]}}
,"/Users/siobhangi/IdeaProjects/acebook-millieandco/src/main/js/posts/addPost.js": {"path":"/Users/siobhangi/IdeaProjects/acebook-millieandco/src/main/js/posts/addPost.js","statementMap":{"0":{"start":{"line":1,"column":0},"end":{"line":null,"column":-1}},"1":{"start":{"line":4,"column":21},"end":{"line":null,"column":-1}},"2":{"start":{"line":6,"column":4},"end":{"line":null,"column":-1}},"3":{"start":{"line":7,"column":4},"end":{"line":null,"column":-1}},"4":{"start":{"line":8,"column":4},"end":{"line":null,"column":-1}},"5":{"start":{"line":12,"column":4},"end":{"line":null,"column":-1}},"6":{"start":{"line":16,"column":18},"end":{"line":16,"column":4}},"7":{"start":{"line":17,"column":4},"end":{"line":null,"column":-1}},"8":{"start":{"line":18,"column":4},"end":{"line":null,"column":-1}},"9":{"start":{"line":19,"column":4},"end":{"line":null,"column":-1}},"10":{"start":{"line":20,"column":4},"end":{"line":null,"column":-1}},"11":{"start":{"line":24,"column":4},"end":{"line":null,"column":-1}},"12":{"start":{"line":35,"column":0},"end":{"line":null,"column":-1}}},"fnMap":{"0":{"name":"AddPost","decl":{"start":{"line":4,"column":2},"end":{"line":4,"column":13}},"loc":{"start":{"line":4,"column":21},"end":{"line":9,"column":3}}}},"branchMap":{"0":{"loc":{"start":{"line":4,"column":21},"end":{"line":5,"column":9}},"type":"binary-expr","locations":[{"start":{"line":4,"column":21},"end":{"line":5,"column":9}},{"start":{"line":4,"column":21},"end":{"line":5,"column":9}}]}},"s":{"0":0,"1":0,"2":0,"3":0,"4":0,"5":0,"6":0,"7":0,"8":0,"9":0,"10":0,"11":0,"12":0},"f":{"0":0},"b":{"0":[0,0]}}
,"/Users/siobhangi/IdeaProjects/acebook-millieandco/src/main/js/posts/post.js": {"path":"/Users/siobhangi/IdeaProjects/acebook-millieandco/src/main/js/posts/post.js","statementMap":{"0":{"start":{"line":5,"column":2},"end":{"line":13,"column":3}}},"fnMap":{"0":{"name":"(anonymous_0)","decl":{"start":{"line":4,"column":1},"end":{"line":4,"column":2}},"loc":{"start":{"line":4,"column":10},"end":{"line":14,"column":2}},"line":4}},"branchMap":{},"s":{"0":1},"f":{"0":1},"b":{},"_coverageSchema":"332fd63041d2c1bcb487cc26dd0d5f7d97098a6c","hash":"1b81d6a7b6517ce886356b38af97b3676d89f65f"}
,"/Users/siobhangi/IdeaProjects/acebook-millieandco/src/main/js/posts/posts.js": {"path":"/Users/siobhangi/IdeaProjects/acebook-millieandco/src/main/js/posts/posts.js","statementMap":{"0":{"start":{"line":6,"column":14},"end":{"line":8,"column":3}},"1":{"start":{"line":7,"column":3},"end":{"line":7,"column":50}},"2":{"start":{"line":10,"column":2},"end":{"line":28,"column":3}},"3":{"start":{"line":32,"column":0},"end":{"line":32,"column":35}}},"fnMap":{"0":{"name":"(anonymous_0)","decl":{"start":{"line":5,"column":1},"end":{"line":5,"column":2}},"loc":{"start":{"line":5,"column":10},"end":{"line":29,"column":2}},"line":5},"1":{"name":"(anonymous_1)","decl":{"start":{"line":6,"column":35},"end":{"line":6,"column":36}},"loc":{"start":{"line":7,"column":3},"end":{"line":7,"column":50}},"line":7}},"branchMap":{},"s":{"0":2,"1":3,"2":2,"3":1},"f":{"0":2,"1":3},"b":{},"_coverageSchema":"332fd63041d2c1bcb487cc26dd0d5f7d97098a6c","hash":"b6b17b268143b23971430ac517a5dca21a042d7a"}
}
