TN:
SF:/Users/siobhangi/IdeaProjects/acebook-millieandco/src/main/js/app.js
FNF:0
FNH:0
DA:1,0
DA:2,0
DA:4,0
DA:5,0
DA:6,0
DA:8,0
LF:6
LH:0
BRF:0
BRH:0
end_of_record
TN:
SF:/Users/siobhangi/IdeaProjects/acebook-millieandco/src/main/js/client.js
FNF:0
FNH:0
DA:3,0
DA:4,0
DA:5,0
DA:7,0
DA:8,0
DA:10,0
DA:13,0
DA:15,0
LF:8
LH:0
BRF:0
BRH:0
end_of_record
TN:
SF:/Users/siobhangi/IdeaProjects/acebook-millieandco/src/main/js/header.js
FNF:0
FNH:0
DA:1,0
DA:5,0
LF:2
LH:0
BRF:0
BRH:0
end_of_record
TN:
SF:/Users/siobhangi/IdeaProjects/acebook-millieandco/src/main/js/home.js
FN:10,Home
FN:22,(anonymous_13)
FN:34,(anonymous_15)
FNF:3
FNH:0
FNDA:0,Home
FNDA:0,(anonymous_13)
FNDA:0,(anonymous_15)
DA:1,0
DA:2,0
DA:4,0
DA:5,0
DA:6,0
DA:10,0
DA:12,0
DA:13,0
DA:18,0
DA:21,0
DA:22,0
DA:23,0
DA:27,0
DA:28,0
DA:35,0
DA:41,0
LF:16
LH:0
BRDA:10,0,0,0
BRDA:10,0,1,0
BRF:2
BRH:0
end_of_record
TN:
SF:/Users/siobhangi/IdeaProjects/acebook-millieandco/src/main/js/signup.js
FN:6,Signup
FNF:1
FNH:0
FNDA:0,Signup
DA:1,0
DA:2,0
DA:3,0
DA:6,0
DA:8,0
DA:9,0
DA:10,0
DA:14,0
DA:23,0
DA:24,0
DA:26,0
DA:32,0
DA:33,0
DA:34,0
DA:35,0
DA:36,0
DA:37,0
DA:39,0
DA:40,0
DA:46,0
LF:20
LH:0
BRDA:6,0,0,0
BRDA:6,0,1,0
BRDA:60,1,0,0
BRDA:60,1,1,0
BRF:4
BRH:0
end_of_record
TN:
SF:/Users/siobhangi/IdeaProjects/acebook-millieandco/src/main/js/posts/addPost.js
FN:4,AddPost
FNF:1
FNH:0
FNDA:0,AddPost
DA:1,0
DA:4,0
DA:6,0
DA:7,0
DA:8,0
DA:12,0
DA:16,0
DA:17,0
DA:18,0
DA:19,0
DA:20,0
DA:24,0
DA:35,0
LF:13
LH:0
BRDA:4,0,0,0
BRDA:4,0,1,0
BRF:2
BRH:0
end_of_record
TN:
SF:/Users/siobhangi/IdeaProjects/acebook-millieandco/src/main/js/posts/post.js
FN:4,(anonymous_0)
FNF:1
FNH:1
FNDA:1,(anonymous_0)
DA:5,1
LF:1
LH:1
BRF:0
BRH:0
end_of_record
TN:
SF:/Users/siobhangi/IdeaProjects/acebook-millieandco/src/main/js/posts/posts.js
FN:5,(anonymous_0)
FN:6,(anonymous_1)
FNF:2
FNH:2
FNDA:2,(anonymous_0)
FNDA:3,(anonymous_1)
DA:6,2
DA:7,3
DA:10,2
DA:32,1
LF:4
LH:4
BRF:0
BRH:0
end_of_record
